<?xml version="1.0" encoding="UTF-8"?>
<!-- Generated by org.testng.reporters.JUnitReportReporter -->
<testsuite skipped="0" hostname="DESKTOP-E8IRNVR" name="com.inetbanking.testCases.TC_LoginTest_001" tests="1" failures="0" timestamp="2022-05-07T17:53:16 CEST" time="0.757" errors="0">
  <testcase name="loginTest" time="0.757" classname="com.inetbanking.testCases.TC_LoginTest_001"/>
  <system-out/>
</testsuite> <!-- com.inetbanking.testCases.TC_LoginTest_001 -->
